<?xml version="1.0" encoding="UTF-8"?>
<testng-results skipped="0" failed="0" total="1" passed="1">
  <reporter-output>
  </reporter-output>
  <suite name="Suite" duration-ms="14294" started-at="2021-10-29T05:26:55Z" finished-at="2021-10-29T05:27:10Z">
    <groups>
    </groups>
    <test name="Test" duration-ms="14294" started-at="2021-10-29T05:26:55Z" finished-at="2021-10-29T05:27:10Z">
      <class name="example.NewTest">
        <test-method status="PASS" signature="beforeTest()[pri:0, instance:example.NewTest@7823a2f9]" name="beforeTest" is-config="true" duration-ms="6569" started-at="2021-10-29T10:56:55Z" finished-at="2021-10-29T10:57:02Z">
          <reporter-output>
          </reporter-output>
        </test-method> <!-- beforeTest -->
        <test-method status="PASS" signature="testEasy()[pri:0, instance:example.NewTest@7823a2f9]" name="testEasy" duration-ms="6186" started-at="2021-10-29T10:57:02Z" finished-at="2021-10-29T10:57:08Z">
          <reporter-output>
          </reporter-output>
        </test-method> <!-- testEasy -->
        <test-method status="PASS" signature="afterTest()[pri:0, instance:example.NewTest@7823a2f9]" name="afterTest" is-config="true" duration-ms="1494" started-at="2021-10-29T10:57:08Z" finished-at="2021-10-29T10:57:10Z">
          <reporter-output>
          </reporter-output>
        </test-method> <!-- afterTest -->
      </class> <!-- example.NewTest -->
    </test> <!-- Test -->
  </suite> <!-- Suite -->
</testng-results>
